Success (6):
content 10867 _a-0000d8b1-4cb9-8000-9ba2-011c48011c48_13129 "Akshar Test Rules and Constants"
content 3644675 _a-0000e2a8-3bef-8000-9ba2-011c48011c48_18065989 "Akshar - Awesome Experiments"
content 3644703 _a-0000e2a8-3bef-8000-9ba2-011c48011c48_18065994 "Akshar_HowAwesomeIAm"
content 3644699 _a-0000e2a8-3bef-8000-9ba2-011c48011c48_18066249 "Akshar - Awesome Test"
content 3644693 _a-0000e2a8-3bef-8000-9ba2-011c48011c48_18066223 "SP_Global_Logo_Original"
application 3644674 _a-0000e2a8-3bef-8000-9ba2-011c48011c48_18065984 "AksharIsAwesome"

Referenced precedents that were not exported (2):
user aksharc aksharc
content 128503 _a-0000dd2e-3622-8000-daab-640000640000_10257

Trace:
2019-07-16 14:58:30.608 DEBUG application 3644674 _a-0000e2a8-3bef-8000-9ba2-011c48011c48_18065984 Begin transport.
2019-07-16 14:58:30.608 DEBUG application 3644674 _a-0000e2a8-3bef-8000-9ba2-011c48011c48_18065984 Retrieving object data.
2019-07-16 14:58:30.612 DEBUG application 3644674 _a-0000e2a8-3bef-8000-9ba2-011c48011c48_18065984 App associated objects: [content=[_a-0000e2a8-3bef-8000-9ba2-011c48011c48_18065989, _a-0000e2a8-3bef-8000-9ba2-011c48011c48_18065994, _a-0000d8b1-4cb9-8000-9ba2-011c48011c48_13129, _a-0000e2a8-3bef-8000-9ba2-011c48011c48_18066249, _a-0000e2a8-3bef-8000-9ba2-011c48011c48_18066223]]
2019-07-16 14:58:30.613 DEBUG application 3644674 _a-0000e2a8-3bef-8000-9ba2-011c48011c48_18065984 Invalid associated objects: []
2019-07-16 14:58:30.613 DEBUG application 3644674 _a-0000e2a8-3bef-8000-9ba2-011c48011c48_18065984 Adding valid associated objects to be exported: GlobalBindingMap[content={_a-0000e2a8-3bef-8000-9ba2-011c48011c48_18065989=3644675, _a-0000e2a8-3bef-8000-9ba2-011c48011c48_18065994=3644703, _a-0000d8b1-4cb9-8000-9ba2-011c48011c48_13129=10867, _a-0000e2a8-3bef-8000-9ba2-011c48011c48_18066249=3644699, _a-0000e2a8-3bef-8000-9ba2-011c48011c48_18066223=3644693}]
2019-07-16 14:58:30.613 DEBUG application 3644674 _a-0000e2a8-3bef-8000-9ba2-011c48011c48_18065984 Setting uuids of object references.
2019-07-16 14:58:30.613 DEBUG application 3644674 _a-0000e2a8-3bef-8000-9ba2-011c48011c48_18065984 Processing reference: Application.forum
2019-07-16 14:58:30.614 DEBUG application 3644674 _a-0000e2a8-3bef-8000-9ba2-011c48011c48_18065984 Processing reference: Application.parent
2019-07-16 14:58:30.616 DEBUG application 3644674 _a-0000e2a8-3bef-8000-9ba2-011c48011c48_18065984 Processing reference: com.appiancorp.suiteapi.content.ContentRoleMap@66f28596[
  ContentRole[name=readers,inherit=false,allowForAll=false]
  ContentRole[name=authors,inherit=false,allowForAll=false]
  ContentRole[name=administrators,inherit=false,allowForAll=false]
  ContentRole[name=denyReaders,inherit=false,allowForAll=false]
  ContentRole[name=denyAuthors,inherit=false,allowForAll=false]
  ContentRole[name=denyAdministrators,inherit=false,allowForAll=false]
  securityVector=1:SEC_PUBLIC=true,SEC_CREATOR_ADMIN=false,SEC_INH_ADMIN=false,SEC_INH_EDITOR=false,SEC_INH_VIEWER=false,SEC_ALL_ADMIN=false,SEC_ALL_EDITOR=false,SEC_ALL_VIEWER=false
]
2019-07-16 14:58:30.616 DEBUG application 3644674 _a-0000e2a8-3bef-8000-9ba2-011c48011c48_18065984 Processing reference: ContentRole[name=readers,inherit=false,allowForAll=false]
2019-07-16 14:58:30.616 DEBUG application 3644674 _a-0000e2a8-3bef-8000-9ba2-011c48011c48_18065984 Processing reference: ContentRole[name=authors,inherit=false,allowForAll=false]
2019-07-16 14:58:30.616 DEBUG application 3644674 _a-0000e2a8-3bef-8000-9ba2-011c48011c48_18065984 Processing reference: ContentRole[name=administrators,inherit=false,allowForAll=false]
2019-07-16 14:58:30.616 DEBUG application 3644674 _a-0000e2a8-3bef-8000-9ba2-011c48011c48_18065984 Processing reference: ContentRole[name=denyReaders,inherit=false,allowForAll=false]
2019-07-16 14:58:30.616 DEBUG application 3644674 _a-0000e2a8-3bef-8000-9ba2-011c48011c48_18065984 Processing reference: ContentRole[name=denyAuthors,inherit=false,allowForAll=false]
2019-07-16 14:58:30.616 DEBUG application 3644674 _a-0000e2a8-3bef-8000-9ba2-011c48011c48_18065984 Processing reference: ContentRole[name=denyAdministrators,inherit=false,allowForAll=false]
2019-07-16 14:58:30.618 DEBUG content 3644675 _a-0000e2a8-3bef-8000-9ba2-011c48011c48_18065989 Begin transport.
2019-07-16 14:58:30.618 DEBUG content 3644675 _a-0000e2a8-3bef-8000-9ba2-011c48011c48_18065989 Retrieving object data.
2019-07-16 14:58:30.626 DEBUG content 3644675 _a-0000e2a8-3bef-8000-9ba2-011c48011c48_18065989 Setting uuids of object references.
2019-07-16 14:58:30.627 DEBUG content 3644675 _a-0000e2a8-3bef-8000-9ba2-011c48011c48_18065989 Processing reference: RulesFolder.forum
2019-07-16 14:58:30.627 DEBUG content 3644675 _a-0000e2a8-3bef-8000-9ba2-011c48011c48_18065989 Processing reference: RulesFolder.parent
2019-07-16 14:58:30.629 DEBUG content 10867 _a-0000d8b1-4cb9-8000-9ba2-011c48011c48_13129 Begin transport.
2019-07-16 14:58:30.629 DEBUG content 10867 _a-0000d8b1-4cb9-8000-9ba2-011c48011c48_13129 Retrieving object data.
2019-07-16 14:58:30.637 DEBUG content 10867 _a-0000d8b1-4cb9-8000-9ba2-011c48011c48_13129 Setting uuids of object references.
2019-07-16 14:58:30.637 DEBUG content 10867 _a-0000d8b1-4cb9-8000-9ba2-011c48011c48_13129 Processing reference: RulesFolder.forum
2019-07-16 14:58:30.637 DEBUG content 10867 _a-0000d8b1-4cb9-8000-9ba2-011c48011c48_13129 Processing reference: RulesFolder.parent
2019-07-16 14:58:30.639 DEBUG content 10867 _a-0000d8b1-4cb9-8000-9ba2-011c48011c48_13129 Processing reference: com.appiancorp.suiteapi.content.ContentRoleMap@17c38f87[
  ContentRole[name=readers,inherit=false,allowForAll=true]
  ContentRole[name=authors,inherit=false,allowForAll=true]
  ContentRole[name=administrators,usernames=[aksharc],inherit=false,allowForAll=false]
  ContentRole[name=denyReaders,inherit=false,allowForAll=false]
  ContentRole[name=denyAuthors,inherit=false,allowForAll=false]
  ContentRole[name=denyAdministrators,inherit=false,allowForAll=false]
  securityVector=177:SEC_PUBLIC=true,SEC_CREATOR_ADMIN=true,SEC_INH_ADMIN=false,SEC_INH_EDITOR=false,SEC_INH_VIEWER=false,SEC_ALL_ADMIN=false,SEC_ALL_EDITOR=true,SEC_ALL_VIEWER=true
]
2019-07-16 14:58:30.639 DEBUG content 10867 _a-0000d8b1-4cb9-8000-9ba2-011c48011c48_13129 Processing reference: ContentRole[name=readers,inherit=false,allowForAll=true]
2019-07-16 14:58:30.639 DEBUG content 10867 _a-0000d8b1-4cb9-8000-9ba2-011c48011c48_13129 Processing reference: ContentRole[name=authors,inherit=false,allowForAll=true]
2019-07-16 14:58:30.639 DEBUG content 10867 _a-0000d8b1-4cb9-8000-9ba2-011c48011c48_13129 Processing reference: ContentRole[name=administrators,usernames=[aksharc],inherit=false,allowForAll=false]
2019-07-16 14:58:30.641 DEBUG content 10867 _a-0000d8b1-4cb9-8000-9ba2-011c48011c48_13129 Processing reference: ContentRole[name=denyReaders,inherit=false,allowForAll=false]
2019-07-16 14:58:30.641 DEBUG content 10867 _a-0000d8b1-4cb9-8000-9ba2-011c48011c48_13129 Processing reference: ContentRole[name=denyAuthors,inherit=false,allowForAll=false]
2019-07-16 14:58:30.641 DEBUG content 10867 _a-0000d8b1-4cb9-8000-9ba2-011c48011c48_13129 Processing reference: ContentRole[name=denyAdministrators,inherit=false,allowForAll=false]
2019-07-16 14:58:30.641 DEBUG content 10867 _a-0000d8b1-4cb9-8000-9ba2-011c48011c48_13129 Completing produce.
2019-07-16 14:58:30.641 DEBUG content 10867 _a-0000d8b1-4cb9-8000-9ba2-011c48011c48_13129 Exporting binary resources.
2019-07-16 14:58:30.641 DEBUG content 10867 _a-0000d8b1-4cb9-8000-9ba2-011c48011c48_13129 Serializing object to XML.
2019-07-16 14:58:30.644 DEBUG content 10867 _a-0000d8b1-4cb9-8000-9ba2-011c48011c48_13129 Object transported.
2019-07-16 14:58:30.644 DEBUG content 3644675 _a-0000e2a8-3bef-8000-9ba2-011c48011c48_18065989 Processing reference: com.appiancorp.suiteapi.content.ContentRoleMap@26c92b13[
  ContentRole[name=readers,inherit=true,allowForAll=false]
  ContentRole[name=authors,inherit=true,allowForAll=false]
  ContentRole[name=administrators,inherit=true,allowForAll=false]
  ContentRole[name=denyReaders,inherit=false,allowForAll=false]
  ContentRole[name=denyAuthors,inherit=false,allowForAll=false]
  ContentRole[name=denyAdministrators,inherit=false,allowForAll=false]
  securityVector=15:SEC_PUBLIC=true,SEC_CREATOR_ADMIN=false,SEC_INH_ADMIN=true,SEC_INH_EDITOR=true,SEC_INH_VIEWER=true,SEC_ALL_ADMIN=false,SEC_ALL_EDITOR=false,SEC_ALL_VIEWER=false
]
2019-07-16 14:58:30.644 DEBUG content 3644675 _a-0000e2a8-3bef-8000-9ba2-011c48011c48_18065989 Processing reference: ContentRole[name=readers,inherit=true,allowForAll=false]
2019-07-16 14:58:30.644 DEBUG content 3644675 _a-0000e2a8-3bef-8000-9ba2-011c48011c48_18065989 Processing reference: ContentRole[name=authors,inherit=true,allowForAll=false]
2019-07-16 14:58:30.644 DEBUG content 3644675 _a-0000e2a8-3bef-8000-9ba2-011c48011c48_18065989 Processing reference: ContentRole[name=administrators,inherit=true,allowForAll=false]
2019-07-16 14:58:30.644 DEBUG content 3644675 _a-0000e2a8-3bef-8000-9ba2-011c48011c48_18065989 Processing reference: ContentRole[name=denyReaders,inherit=false,allowForAll=false]
2019-07-16 14:58:30.644 DEBUG content 3644675 _a-0000e2a8-3bef-8000-9ba2-011c48011c48_18065989 Processing reference: ContentRole[name=denyAuthors,inherit=false,allowForAll=false]
2019-07-16 14:58:30.644 DEBUG content 3644675 _a-0000e2a8-3bef-8000-9ba2-011c48011c48_18065989 Processing reference: ContentRole[name=denyAdministrators,inherit=false,allowForAll=false]
2019-07-16 14:58:30.645 DEBUG content 3644675 _a-0000e2a8-3bef-8000-9ba2-011c48011c48_18065989 Completing produce.
2019-07-16 14:58:30.645 DEBUG content 3644675 _a-0000e2a8-3bef-8000-9ba2-011c48011c48_18065989 Exporting binary resources.
2019-07-16 14:58:30.645 DEBUG content 3644675 _a-0000e2a8-3bef-8000-9ba2-011c48011c48_18065989 Serializing object to XML.
2019-07-16 14:58:30.648 DEBUG content 3644675 _a-0000e2a8-3bef-8000-9ba2-011c48011c48_18065989 Object transported.
2019-07-16 14:58:30.648 DEBUG content 3644703 _a-0000e2a8-3bef-8000-9ba2-011c48011c48_18065994 Begin transport.
2019-07-16 14:58:30.648 DEBUG content 3644703 _a-0000e2a8-3bef-8000-9ba2-011c48011c48_18065994 Retrieving object data.
2019-07-16 14:58:30.657 DEBUG content 3644703 _a-0000e2a8-3bef-8000-9ba2-011c48011c48_18065994 Setting uuids of object references.
2019-07-16 14:58:30.657 DEBUG content 3644703 _a-0000e2a8-3bef-8000-9ba2-011c48011c48_18065994 Processing reference: [Content:id=3644676,versionId=-1,name=Akshar_HowAwesomeIAm,type=32,subtype=6,uuid=_a-0000e2a8-3bef-8000-9ba2-011c48011c48_18065994,parent=3644675]
2019-07-16 14:58:30.658 DEBUG content 3644703 _a-0000e2a8-3bef-8000-9ba2-011c48011c48_18065994 Processing reference: Interface.forum
2019-07-16 14:58:30.658 DEBUG content 3644703 _a-0000e2a8-3bef-8000-9ba2-011c48011c48_18065994 Processing reference: Interface.parent
2019-07-16 14:58:30.66 DEBUG content 3644703 _a-0000e2a8-3bef-8000-9ba2-011c48011c48_18065994 Processing reference: com.appiancorp.suiteapi.content.ContentRoleMap@7aca5e69[
  ContentRole[name=readers,inherit=true,allowForAll=false]
  ContentRole[name=authors,inherit=true,allowForAll=false]
  ContentRole[name=administrators,inherit=true,allowForAll=false]
  ContentRole[name=denyReaders,inherit=false,allowForAll=false]
  ContentRole[name=denyAuthors,inherit=false,allowForAll=false]
  ContentRole[name=denyAdministrators,inherit=false,allowForAll=false]
  securityVector=15:SEC_PUBLIC=true,SEC_CREATOR_ADMIN=false,SEC_INH_ADMIN=true,SEC_INH_EDITOR=true,SEC_INH_VIEWER=true,SEC_ALL_ADMIN=false,SEC_ALL_EDITOR=false,SEC_ALL_VIEWER=false
]
2019-07-16 14:58:30.66 DEBUG content 3644703 _a-0000e2a8-3bef-8000-9ba2-011c48011c48_18065994 Processing reference: ContentRole[name=readers,inherit=true,allowForAll=false]
2019-07-16 14:58:30.66 DEBUG content 3644703 _a-0000e2a8-3bef-8000-9ba2-011c48011c48_18065994 Processing reference: ContentRole[name=authors,inherit=true,allowForAll=false]
2019-07-16 14:58:30.66 DEBUG content 3644703 _a-0000e2a8-3bef-8000-9ba2-011c48011c48_18065994 Processing reference: ContentRole[name=administrators,inherit=true,allowForAll=false]
2019-07-16 14:58:30.66 DEBUG content 3644703 _a-0000e2a8-3bef-8000-9ba2-011c48011c48_18065994 Processing reference: ContentRole[name=denyReaders,inherit=false,allowForAll=false]
2019-07-16 14:58:30.66 DEBUG content 3644703 _a-0000e2a8-3bef-8000-9ba2-011c48011c48_18065994 Processing reference: ContentRole[name=denyAuthors,inherit=false,allowForAll=false]
2019-07-16 14:58:30.66 DEBUG content 3644703 _a-0000e2a8-3bef-8000-9ba2-011c48011c48_18065994 Processing reference: ContentRole[name=denyAdministrators,inherit=false,allowForAll=false]
2019-07-16 14:58:30.661 DEBUG content 3644703 _a-0000e2a8-3bef-8000-9ba2-011c48011c48_18065994 Completing produce.
2019-07-16 14:58:30.661 DEBUG content 3644703 _a-0000e2a8-3bef-8000-9ba2-011c48011c48_18065994 Exporting binary resources.
2019-07-16 14:58:30.661 DEBUG content 3644703 _a-0000e2a8-3bef-8000-9ba2-011c48011c48_18065994 Serializing object to XML.
2019-07-16 14:58:30.664 DEBUG content 3644703 _a-0000e2a8-3bef-8000-9ba2-011c48011c48_18065994 Object transported.
2019-07-16 14:58:30.664 DEBUG content 3644699 _a-0000e2a8-3bef-8000-9ba2-011c48011c48_18066249 Begin transport.
2019-07-16 14:58:30.664 DEBUG content 3644699 _a-0000e2a8-3bef-8000-9ba2-011c48011c48_18066249 Retrieving object data.
2019-07-16 14:58:30.672 DEBUG content 3644699 _a-0000e2a8-3bef-8000-9ba2-011c48011c48_18066249 Setting uuids of object references.
2019-07-16 14:58:30.672 DEBUG content 3644699 _a-0000e2a8-3bef-8000-9ba2-011c48011c48_18066249 Processing reference: KnowledgeFolder.forum
2019-07-16 14:58:30.673 DEBUG content 3644699 _a-0000e2a8-3bef-8000-9ba2-011c48011c48_18066249 Processing reference: KnowledgeFolder.parent
2019-07-16 14:58:30.675 DEBUG content 3644699 _a-0000e2a8-3bef-8000-9ba2-011c48011c48_18066249 Processing reference: com.appiancorp.suiteapi.content.ContentRoleMap@6b9aa270[
  ContentRole[name=readers,inherit=true,allowForAll=false]
  ContentRole[name=authors,inherit=true,allowForAll=false]
  ContentRole[name=administrators,inherit=true,allowForAll=false]
  ContentRole[name=denyReaders,inherit=false,allowForAll=false]
  ContentRole[name=denyAuthors,inherit=false,allowForAll=false]
  ContentRole[name=denyAdministrators,inherit=false,allowForAll=false]
  securityVector=15:SEC_PUBLIC=true,SEC_CREATOR_ADMIN=false,SEC_INH_ADMIN=true,SEC_INH_EDITOR=true,SEC_INH_VIEWER=true,SEC_ALL_ADMIN=false,SEC_ALL_EDITOR=false,SEC_ALL_VIEWER=false
]
2019-07-16 14:58:30.675 DEBUG content 3644699 _a-0000e2a8-3bef-8000-9ba2-011c48011c48_18066249 Processing reference: ContentRole[name=readers,inherit=true,allowForAll=false]
2019-07-16 14:58:30.675 DEBUG content 3644699 _a-0000e2a8-3bef-8000-9ba2-011c48011c48_18066249 Processing reference: ContentRole[name=authors,inherit=true,allowForAll=false]
2019-07-16 14:58:30.675 DEBUG content 3644699 _a-0000e2a8-3bef-8000-9ba2-011c48011c48_18066249 Processing reference: ContentRole[name=administrators,inherit=true,allowForAll=false]
2019-07-16 14:58:30.675 DEBUG content 3644699 _a-0000e2a8-3bef-8000-9ba2-011c48011c48_18066249 Processing reference: ContentRole[name=denyReaders,inherit=false,allowForAll=false]
2019-07-16 14:58:30.675 DEBUG content 3644699 _a-0000e2a8-3bef-8000-9ba2-011c48011c48_18066249 Processing reference: ContentRole[name=denyAuthors,inherit=false,allowForAll=false]
2019-07-16 14:58:30.675 DEBUG content 3644699 _a-0000e2a8-3bef-8000-9ba2-011c48011c48_18066249 Processing reference: ContentRole[name=denyAdministrators,inherit=false,allowForAll=false]
2019-07-16 14:58:30.675 DEBUG content 3644699 _a-0000e2a8-3bef-8000-9ba2-011c48011c48_18066249 Completing produce.
2019-07-16 14:58:30.675 DEBUG content 3644699 _a-0000e2a8-3bef-8000-9ba2-011c48011c48_18066249 Exporting binary resources.
2019-07-16 14:58:30.675 DEBUG content 3644699 _a-0000e2a8-3bef-8000-9ba2-011c48011c48_18066249 Serializing object to XML.
2019-07-16 14:58:30.678 DEBUG content 3644699 _a-0000e2a8-3bef-8000-9ba2-011c48011c48_18066249 Object transported.
2019-07-16 14:58:30.678 DEBUG content 3644693 _a-0000e2a8-3bef-8000-9ba2-011c48011c48_18066223 Begin transport.
2019-07-16 14:58:30.678 DEBUG content 3644693 _a-0000e2a8-3bef-8000-9ba2-011c48011c48_18066223 Retrieving object data.
2019-07-16 14:58:30.686 DEBUG content 3644693 _a-0000e2a8-3bef-8000-9ba2-011c48011c48_18066223 Setting uuids of object references.
2019-07-16 14:58:30.686 DEBUG content 3644693 _a-0000e2a8-3bef-8000-9ba2-011c48011c48_18066223 Processing reference: Document.forum
2019-07-16 14:58:30.687 DEBUG content 3644693 _a-0000e2a8-3bef-8000-9ba2-011c48011c48_18066223 Processing reference: Document.parent
2019-07-16 14:58:30.689 DEBUG content 3644693 _a-0000e2a8-3bef-8000-9ba2-011c48011c48_18066223 Processing reference: com.appiancorp.suiteapi.content.ContentRoleMap@3150e266[
  ContentRole[name=readers,inherit=true,allowForAll=false]
  ContentRole[name=authors,inherit=true,allowForAll=false]
  ContentRole[name=administrators,inherit=true,allowForAll=false]
  ContentRole[name=denyReaders,inherit=false,allowForAll=false]
  ContentRole[name=denyAuthors,inherit=false,allowForAll=false]
  ContentRole[name=denyAdministrators,inherit=false,allowForAll=false]
  securityVector=15:SEC_PUBLIC=true,SEC_CREATOR_ADMIN=false,SEC_INH_ADMIN=true,SEC_INH_EDITOR=true,SEC_INH_VIEWER=true,SEC_ALL_ADMIN=false,SEC_ALL_EDITOR=false,SEC_ALL_VIEWER=false
]
2019-07-16 14:58:30.689 DEBUG content 3644693 _a-0000e2a8-3bef-8000-9ba2-011c48011c48_18066223 Processing reference: ContentRole[name=readers,inherit=true,allowForAll=false]
2019-07-16 14:58:30.689 DEBUG content 3644693 _a-0000e2a8-3bef-8000-9ba2-011c48011c48_18066223 Processing reference: ContentRole[name=authors,inherit=true,allowForAll=false]
2019-07-16 14:58:30.689 DEBUG content 3644693 _a-0000e2a8-3bef-8000-9ba2-011c48011c48_18066223 Processing reference: ContentRole[name=administrators,inherit=true,allowForAll=false]
2019-07-16 14:58:30.689 DEBUG content 3644693 _a-0000e2a8-3bef-8000-9ba2-011c48011c48_18066223 Processing reference: ContentRole[name=denyReaders,inherit=false,allowForAll=false]
2019-07-16 14:58:30.689 DEBUG content 3644693 _a-0000e2a8-3bef-8000-9ba2-011c48011c48_18066223 Processing reference: ContentRole[name=denyAuthors,inherit=false,allowForAll=false]
2019-07-16 14:58:30.689 DEBUG content 3644693 _a-0000e2a8-3bef-8000-9ba2-011c48011c48_18066223 Processing reference: ContentRole[name=denyAdministrators,inherit=false,allowForAll=false]
2019-07-16 14:58:30.689 DEBUG content 3644693 _a-0000e2a8-3bef-8000-9ba2-011c48011c48_18066223 Completing produce.
2019-07-16 14:58:30.689 DEBUG content 3644693 _a-0000e2a8-3bef-8000-9ba2-011c48011c48_18066223 Exporting binary resources.
2019-07-16 14:58:30.7 DEBUG content 3644693 _a-0000e2a8-3bef-8000-9ba2-011c48011c48_18066223 Serializing object to XML.
2019-07-16 14:58:30.703 DEBUG content 3644693 _a-0000e2a8-3bef-8000-9ba2-011c48011c48_18066223 Object transported.
2019-07-16 14:58:30.703 DEBUG application 3644674 _a-0000e2a8-3bef-8000-9ba2-011c48011c48_18065984 Completing produce.
2019-07-16 14:58:30.703 DEBUG application 3644674 _a-0000e2a8-3bef-8000-9ba2-011c48011c48_18065984 Exporting binary resources.
2019-07-16 14:58:30.703 DEBUG application 3644674 _a-0000e2a8-3bef-8000-9ba2-011c48011c48_18065984 Serializing object to XML.
2019-07-16 14:58:30.706 DEBUG application 3644674 _a-0000e2a8-3bef-8000-9ba2-011c48011c48_18065984 Object transported.
